C51 COMPILER V9.52.0.0   DELAY                                                             01/01/2020 23:07:04 PAGE 1   


C51 COMPILER V9.52.0.0, COMPILATION OF MODULE DELAY
OBJECT MODULE PLACED IN .\output\delay.obj
COMPILER INVOKED BY: D:\Program Files\keil\C51\BIN\C51.EXE src\delay.c LARGE BROWSE INCDIR(.\head;.\src) DEBUG OBJECTEXT
                    -END PRINT(.\output\delay.lst) TABS(2) OBJECT(.\output\delay.obj)

line level    source

   1          #define DELAY_C
   2          #include "config.h"
   3          
   4          void delay_1us(void)                 //1us延时函数
   5            {
   6   1         ;
   7   1        }
   8          
   9          void delay_nus(unsigned int n)       //N us延时函数
  10            {
  11   1         unsigned int i=0;
  12   1         for (i=0;i<n;i++)
  13   1         delay_1us();
  14   1        }
  15            
  16          void delay_1ms(void)                 //1ms延时函数
  17            {
  18   1         unsigned int i;
  19   1         for (i=0;i<(unsigned int)(12*143-2);i++);
  20   1        }
  21            
  22          void delay_nms(unsigned int n)       //N ms延时函数
  23            {
  24   1         unsigned int i=0;
  25   1         for (i=0;i<n;i++)
  26   1         {
  27   2            delay_1ms();
  28   2         }   
  29   1        }
  30                  
  31            


MODULE INFORMATION:   STATIC OVERLAYABLE
   CODE SIZE        =     62    ----
   CONSTANT SIZE    =   ----    ----
   XDATA SIZE       =   ----    ----
   PDATA SIZE       =   ----    ----
   DATA SIZE        =   ----    ----
   IDATA SIZE       =   ----    ----
   BIT SIZE         =   ----    ----
END OF MODULE INFORMATION.


C51 COMPILATION COMPLETE.  0 WARNING(S),  0 ERROR(S)
