C51 COMPILER V9.52.0.0   MAIN                                                              01/09/2021 21:49:23 PAGE 1   


C51 COMPILER V9.52.0.0, COMPILATION OF MODULE MAIN
OBJECT MODULE PLACED IN .\output\main.obj
COMPILER INVOKED BY: D:\Program Files\keil\C51\BIN\C51.EXE src\main.c LARGE INCDIR(.\head;.\src) PRINT(.\output\main.lst
                    -) TABS(2) OBJECT(.\output\main.obj)

line level    source

   1          #include  "config.h"
   2          
   3          uint8 const code  HZ1[]=
   4          {0x00,0x00,0x3F,0xFC,0x01,0x00,0x01,0x00,0x01,0x00,0x01,0x00,0x7F,0xFE,0x01,0x80,
   5          0x02,0x80,0x02,0x80,0x04,0x80,0x08,0x80,0x10,0x82,0x20,0x82,0xC0,0x7E,0x00,0x00/*"无",0*/
   6          };
   7          
   8          
   9          uint8 const code HZ2[]=
  10          {
  11          0x21,0xFC,0x21,0x04,0x3D,0x04,0x21,0xFC,0x41,0x04,0x7D,0xFC,0x90,0x80,0x10,0x80,
  12          0xFD,0xFE,0x11,0x4A,0x12,0x4A,0x10,0x92,0x13,0x22,0x14,0xC2,0x1B,0x0A,0x10,0x04/*"锡",1*/
  13          };
  14          
  15          
  16          uint8 const code  HZ3[]=
  17          {
  18          0x01,0x00,0x21,0x10,0x19,0x18,0x0D,0x10,0x09,0x20,0x01,0x04,0x7F,0xFE,0x04,0x40,
  19          0x04,0x40,0x04,0x40,0x04,0x40,0x08,0x42,0x08,0x42,0x10,0x42,0x20,0x3E,0x40,0x00 /*"光",2*/
  20          };
  21          uint8 const code  HZ4[]=
  22          {
  23          0x22,0x10,0x11,0x10,0x11,0x20,0x07,0xFC,0x80,0x40,0x50,0x40,0x57,0xFC,0x10,0x40,
  24          0x20,0x40,0x2F,0xFE,0xE0,0x40,0x20,0x40,0x20,0x40,0x20,0x40,0x20,0x40,0x20,0x40/*"洋",3*/
  25          };
  26          
  27          
  28          
  29          uint8 const code HZ5[]=
  30          {
  31          0x01,0x00,0x01,0x00,0x01,0x00,0x3F,0xF8,0x21,0x08,0x21,0x08,0x3F,0xF8,0x21,0x08,
  32          0x21,0x08,0x21,0x08,0x3F,0xF8,0x21,0x08,0x01,0x02,0x01,0x02,0x00,0xFE,0x00,0x00/*"电",4*/
  33          };
  34          uint8 const code  HZ6[]=
  35          {
  36          0x00,0x00,0x3F,0xF0,0x00,0x20,0x00,0x40,0x00,0x80,0x01,0x00,0x01,0x00,0x01,0x04,
  37          0xFF,0xFE,0x01,0x00,0x01,0x00,0x01,0x00,0x01,0x00,0x01,0x00,0x05,0x00,0x02,0x00/*"子",5*/
  38          };
  39          
  40          uint8 const code HZ7[]=
  41          {
  42          0x00,0x00,0x03,0xFE,0xFC,0x20,0x10,0x40,0x11,0xFC,0x11,0x04,0x11,0x24,0x11,0x24,
  43          0x11,0x24,0x11,0x24,0x1D,0x24,0xE1,0x34,0x00,0x48,0x01,0x86,0x06,0x02,0x00,0x00/*"项",6*/
  44          };
  45          
  46          
  47          uint8 const code HZ8[]=
  48          {
  49          0x10,0x00,0x13,0xFE,0x96,0x44,0x58,0x40,0x51,0xFC,0xFE,0x40,0x28,0xA0,0x28,0xA0,
  50          0x29,0xFC,0x28,0x20,0x28,0x20,0x2B,0xFE,0x4C,0x20,0x48,0x20,0x80,0x20,0x00,0x20/*"辉",7*/
  51          };
  52          
  53          uint8 const code EZ1[]=
  54          {0x00,0x00,0x00,0x3E,0x42,0x42,0x80,0x80,0x80,0x80,0x80,0x42,0x44,0x38,0x00,0x00};/*"C",0*/
C51 COMPILER V9.52.0.0   MAIN                                                              01/09/2021 21:49:23 PAGE 2   

  55          uint8 const code EZ2[]=
  56          {0x00,0x00,0x00,0x70,0x10,0x10,0x10,0x10,0x10,0x10,0x10,0x10,0x10,0x7C,0x00,0x00};/*"l",1*/
  57          uint8 const code EZ3[]=
  58          {0x00,0x00,0x00,0x00,0x00,0x00,0x00,0x3C,0x42,0x1E,0x22,0x42,0x42,0x3F,0x00,0x00};/*"a",2*/
  59          uint8 const code EZ4[]=
  60          {0x00,0x00,0x00,0x00,0x00,0x00,0x00,0x3E,0x42,0x40,0x3C,0x02,0x42,0x7C,0x00,0x00};/*"s",3*/
  61          uint8 const code EZ5[]=
  62          {0x00,0x00,0x00,0x00,0x00,0x00,0x00,0x3E,0x42,0x40,0x3C,0x02,0x42,0x7C,0x00,0x00};/*"s",4*/
  63          uint8 const code EZ6[]=
  64          {0x00,0x00,0x00,0xE7,0x42,0x42,0x44,0x24,0x24,0x28,0x28,0x18,0x10,0x10,0x00,0x00};/*"V",5*/
  65          void LCM_WrCommand(uint8 command) ;
  66          void LCM_WrData(uint8 wrdata); 
  67          void  DemoEllipse(void)
  68          {   WINDOWS  demow;
  69   1         
  70   1          /* 显示演示窗口 */
  71   1          demow.x = 0;
  72   1          demow.y = 0;
  73   1          demow.with = 128;
  74   1          demow.hight = 64;
  75   1          demow.title = (uint8 *) "DESIGN BUY ClassV";
  76   1          demow.state = NULL;
  77   1          GUI_WindowsDraw(&demow);
  78   1         
  79   1          /* 显示椭圆 */
  80   1          GUI_Ellipse(5, 50, 20, 55, 1);        
  81   1          GUI_Ellipse(55, 75, 20, 55, 1);
  82   1          GUI_EllipseFill(80,120, 25, 50, 1);
  83   1           delay_nms(200);
  84   1           GUI_WindowsClr(&demow) ;
  85   1      }
  86          void main()
  87          {
  88   1      
  89   1        
  90   1          uint8 x,y;   
  91   1          uint32 i,j;   
  92   1          GUI_Initialize();   
  93   1        
  94   1        
  95   1          DemoEllipse();
  96   1        
  97   1        
  98   1          GUI_SetColor(1, 0);    
  99   1          GUI_HLine(0,0,127,1);   
 100   1          GUI_RLine(0,0,63,1);   
 101   1          GUI_HLine(0,63,128,1);   
 102   1          GUI_RLine(127,0,63,1);   
 103   1          GUI_PutString(1,4,"xianghui222@163.com");   
 104   1         
 105   1         GUI_PutHZ(0, 0, (uint8 *)HZ4, 16, 16);   
 106   1        
 107   1        
 108   1          x=36; y += 16;   
 109   1          GUI_PutHZ(x, y, (uint8 *)EZ1, 8, 16);   
 110   1          x += 8;   
 111   1          GUI_PutHZ(x, y, (uint8 *)EZ2, 8, 16);   
 112   1          x += 8;   
 113   1          GUI_PutHZ(x, y, (uint8 *)EZ3, 8, 16);   
 114   1          x += 8;   
 115   1          GUI_PutHZ(x, y, (uint8 *)EZ4, 8, 16);   
 116   1          x += 8;   
C51 COMPILER V9.52.0.0   MAIN                                                              01/09/2021 21:49:23 PAGE 3   

 117   1          GUI_PutHZ(x, y, (uint8 *)EZ5, 8, 16);   
 118   1          x += 16;   
 119   1          GUI_PutHZ(x, y, (uint8 *)EZ6, 8, 16);   
 120   1          x=10;y+=20;   
 121   1       
 122   1          GUI_PutString8_8(x,y,"1234031452");   
 123   1      
 124   1        
 125   1      
 126   1          while(1)   
 127   1          {   
 128   2                 
 129   2          }   
 130   1      }
*** WARNING C280 IN LINE 91 OF src\main.c: 'i': unreferenced local variable
*** WARNING C280 IN LINE 91 OF src\main.c: 'j': unreferenced local variable


MODULE INFORMATION:   STATIC OVERLAYABLE
   CODE SIZE        =    513    ----
   CONSTANT SIZE    =    401    ----
   XDATA SIZE       =   ----      20
   PDATA SIZE       =   ----    ----
   DATA SIZE        =   ----    ----
   IDATA SIZE       =   ----    ----
   BIT SIZE         =   ----    ----
END OF MODULE INFORMATION.


C51 COMPILATION COMPLETE.  2 WARNING(S),  0 ERROR(S)
